#
# There is insufficient memory for the Java Runtime Environment to continue.
# Native memory allocation (malloc) failed to allocate 1070624 bytes for Chunk::new
# Possible reasons:
#   The system is out of physical RAM or swap space
#   The process is running with CompressedOops enabled, and the Java Heap may be blocking the growth of the native heap
# Possible solutions:
#   Reduce memory load on the system
#   Increase physical memory or swap space
#   Check if swap backing store is full
#   Decrease Java heap size (-Xmx/-Xms)
#   Decrease number of Java threads
#   Decrease Java thread stack sizes (-Xss)
#   Set larger code cache with -XX:ReservedCodeCacheSize=
#   JVM is running with Unscaled Compressed Oops mode in which the Java heap is
#     placed in the first 4GB address space. The Java Heap base address is the
#     maximum limit for the native heap growth. Please use -XX:HeapBaseMinAddress
#     to set the Java Heap base and to place the Java Heap above 4GB virtual address.
# This output file may be truncated or incomplete.
#
#  Out of Memory Error (allocation.cpp:389), pid=2764, tid=0x0000000000000520
#
# JRE version: OpenJDK Runtime Environment (8.0_242-b01) (build 1.8.0_242-release-1644-b01)
# Java VM: OpenJDK 64-Bit Server VM (25.242-b01 mixed mode windows-amd64 compressed oops)
# Failed to write core dump. Minidumps are not enabled by default on client versions of Windows
#

---------------  T H R E A D  ---------------

Current thread (0x0000000017d6a000):  JavaThread "C2 CompilerThread1" daemon [_thread_in_native, id=1312, stack(0x00000000194d0000,0x00000000195d0000)]

Stack: [0x00000000194d0000,0x00000000195d0000]
[error occurred during error reporting (printing stack bounds), id 0xc0000005]

Native frames: (J=compiled Java code, j=interpreted, Vv=VM code, C=native code)


Current CompileTask:
C2: 130333 21379   !   4       org.gradle.internal.resources.DefaultResourceLockCoordinationService$DefaultResourceLockState::releaseLocks (76 bytes)


---------------  P R O C E S S  ---------------

Java Threads: ( => current thread )
  0x000000003047c800 JavaThread "stdout" [_thread_in_native, id=4356, stack(0x0000000033950000,0x0000000033a50000)]
  0x000000003047b000 JavaThread "stderr" [_thread_in_native, id=10644, stack(0x0000000033850000,0x0000000033950000)]
  0x0000000030478800 JavaThread "stdout" [_thread_in_native, id=14172, stack(0x0000000033750000,0x0000000033850000)]
  0x000000003047a000 JavaThread "stderr" [_thread_in_native, id=12236, stack(0x0000000033650000,0x0000000033750000)]
  0x000000003047b800 JavaThread "stdout" [_thread_in_native, id=10828, stack(0x0000000033550000,0x0000000033650000)]
  0x000000003047e000 JavaThread "stderr" [_thread_in_native, id=9700, stack(0x0000000033450000,0x0000000033550000)]
  0x0000000030473800 JavaThread "stdout" [_thread_in_native, id=12064, stack(0x0000000033350000,0x0000000033450000)]
  0x0000000030479800 JavaThread "stderr" [_thread_in_native, id=13656, stack(0x0000000031f10000,0x0000000032010000)]
  0x0000000030475800 JavaThread "pool-6-thread-1" [_thread_blocked, id=5340, stack(0x0000000031210000,0x0000000031310000)]
  0x0000000030476800 JavaThread "WorkerExecutor Queue Thread 4" [_thread_blocked, id=11508, stack(0x0000000031380000,0x0000000031480000)]
  0x0000000030475000 JavaThread "WorkerExecutor Queue Thread 3" [_thread_blocked, id=13116, stack(0x0000000031110000,0x0000000031210000)]
  0x0000000030478000 JavaThread "WorkerExecutor Queue Thread 2" [_thread_blocked, id=11456, stack(0x0000000031010000,0x0000000031110000)]
  0x0000000030474000 JavaThread "WorkerExecutor Queue" [_thread_blocked, id=2792, stack(0x0000000030f10000,0x0000000031010000)]
  0x000000001f11e000 JavaThread "Cache worker for execution history cache (D:\ShellingLaptopsApp\ShellingLaptopApp\.gradle\6.5\executionHistory)" [_thread_blocked, id=9156, stack(0x000000002fbe0000,0x000000002fce0000)]
  0x000000001f11c800 JavaThread "Execution worker for ':' Thread 3" [_thread_blocked, id=1892, stack(0x000000002e6e0000,0x000000002e7e0000)]
  0x000000001f11d000 JavaThread "Execution worker for ':' Thread 2" [_thread_blocked, id=10356, stack(0x000000002e5e0000,0x000000002e6e0000)]
  0x000000001f11b800 JavaThread "Execution worker for ':'" [_thread_blocked, id=12280, stack(0x000000002d2d0000,0x000000002d3d0000)]
  0x000000001f11b000 JavaThread "Cache worker for file content cache (D:\ShellingLaptopsApp\ShellingLaptopApp\.gradle\6.5\fileContent)" [_thread_blocked, id=5888, stack(0x000000002ccd0000,0x000000002cdd0000)]
  0x000000001f119800 JavaThread "Cache worker for Build Output Cleanup Cache (D:\ShellingLaptopsApp\ShellingLaptopApp\.gradle\buildOutputCleanup)" [_thread_blocked, id=2324, stack(0x000000002cbd0000,0x000000002ccd0000)]
  0x000000001f113800 JavaThread "pool-5-thread-1" [_thread_blocked, id=9188, stack(0x000000002cad0000,0x000000002cbd0000)]
  0x000000001f116800 JavaThread "Build operations Thread 4" [_thread_blocked, id=10972, stack(0x0000000021de0000,0x0000000021ee0000)]
  0x000000001f118800 JavaThread "Build operations Thread 3" [_thread_blocked, id=1388, stack(0x0000000021ce0000,0x0000000021de0000)]
  0x000000001f118000 JavaThread "Build operations Thread 2" [_thread_blocked, id=13124, stack(0x0000000021be0000,0x0000000021ce0000)]
  0x000000001f115800 JavaThread "Build operations" [_thread_blocked, id=3272, stack(0x0000000021800000,0x0000000021900000)]
  0x000000001b940000 JavaThread "Cache worker for cache directory md-rule (C:\Users\tung0\.gradle\caches\6.5\md-rule)" [_thread_blocked, id=2544, stack(0x0000000021700000,0x0000000021800000)]
  0x000000001b93f000 JavaThread "Cache worker for cache directory md-supplier (C:\Users\tung0\.gradle\caches\6.5\md-supplier)" [_thread_blocked, id=13676, stack(0x0000000021600000,0x0000000021700000)]
  0x000000001b93e800 JavaThread "Cache worker for checksums cache (D:\ShellingLaptopsApp\ShellingLaptopApp\.gradle\checksums)" [_thread_blocked, id=12884, stack(0x0000000021500000,0x0000000021600000)]
  0x000000001b940800 JavaThread "Cache worker for file hash cache (D:\ShellingLaptopsApp\ShellingLaptopApp\.gradle\6.5\fileHashes)" [_thread_blocked, id=5172, stack(0x0000000021400000,0x0000000021500000)]
  0x000000001b93d800 JavaThread "Thread-270" [_thread_blocked, id=7544, stack(0x000000001d7f0000,0x000000001d8f0000)]
  0x000000001b93c000 JavaThread "Stdin handler" [_thread_blocked, id=10952, stack(0x000000001d3f0000,0x000000001d4f0000)]
  0x000000001b93b800 JavaThread "Asynchronous log dispatcher for DefaultDaemonConnection: socket connection from /127.0.0.1:57248 to /127.0.0.1:57317" [_thread_blocked, id=9080, stack(0x000000001d0f0000,0x000000001d1f0000)]
  0x000000001b941800 JavaThread "Cancel handler" [_thread_blocked, id=3556, stack(0x0000000001510000,0x0000000001610000)]
  0x000000001b93d000 JavaThread "Handler for socket connection from /127.0.0.1:57248 to /127.0.0.1:57317" [_thread_in_native, id=12012, stack(0x0000000001410000,0x0000000001510000)]
  0x000000001b942000 JavaThread "jar transforms Thread 212" [_thread_blocked, id=7560, stack(0x000000002c9d0000,0x000000002cad0000)]
  0x000000001b93a800 JavaThread "jar transforms Thread 211" [_thread_blocked, id=9772, stack(0x000000002c1d0000,0x000000002c2d0000)]
  0x000000001b933000 JavaThread "jar transforms Thread 210" [_thread_blocked, id=4564, stack(0x000000002bad0000,0x000000002bbd0000)]
  0x000000001b934800 JavaThread "jar transforms Thread 209" [_thread_blocked, id=5300, stack(0x000000002aeb0000,0x000000002afb0000)]
  0x000000001b935800 JavaThread "jar transforms Thread 208" [_thread_blocked, id=6384, stack(0x000000002a9b0000,0x000000002aab0000)]
  0x000000001b936000 JavaThread "jar transforms Thread 207" [_thread_blocked, id=12668, stack(0x000000002a6b0000,0x000000002a7b0000)]
  0x000000001b938800 JavaThread "jar transforms Thread 206" [_thread_blocked, id=5176, stack(0x000000002a5b0000,0x000000002a6b0000)]
  0x000000001b93a000 JavaThread "jar transforms Thread 205" [_thread_blocked, id=13520, stack(0x000000002a4b0000,0x000000002a5b0000)]
  0x000000001b939000 JavaThread "jar transforms Thread 204" [_thread_blocked, id=10580, stack(0x000000002a3b0000,0x000000002a4b0000)]
  0x000000001b937800 JavaThread "jar transforms Thread 203" [_thread_blocked, id=13760, stack(0x000000002a2b0000,0x000000002a3b0000)]
  0x000000001b934000 JavaThread "jar transforms Thread 202" [_thread_blocked, id=6200, stack(0x000000002a1b0000,0x000000002a2b0000)]
  0x000000001b937000 JavaThread "jar transforms Thread 201" [_thread_blocked, id=8936, stack(0x000000002a0b0000,0x000000002a1b0000)]
  0x000000001bbea800 JavaThread "jar transforms Thread 200" [_thread_blocked, id=9464, stack(0x0000000029fb0000,0x000000002a0b0000)]
  0x000000001bbe7800 JavaThread "jar transforms Thread 199" [_thread_blocked, id=268, stack(0x0000000029eb0000,0x0000000029fb0000)]
  0x000000001bbe6800 JavaThread "jar transforms Thread 198" [_thread_blocked, id=2116, stack(0x0000000029db0000,0x0000000029eb0000)]
  0x000000001bbe5000 JavaThread "jar transforms Thread 197" [_thread_blocked, id=7192, stack(0x0000000029cb0000,0x0000000029db0000)]
  0x000000001bbe9800 JavaThread "jar transforms Thread 196" [_thread_blocked, id=13848, stack(0x0000000029bb0000,0x0000000029cb0000)]
  0x000000001bbe8000 JavaThread "jar transforms Thread 195" [_thread_blocked, id=8952, stack(0x0000000029ab0000,0x0000000029bb0000)]
  0x000000001bbe4800 JavaThread "jar transforms Thread 194" [_thread_blocked, id=3676, stack(0x00000000299b0000,0x0000000029ab0000)]
  0x000000001bbe6000 JavaThread "jar transforms Thread 193" [_thread_blocked, id=11580, stack(0x00000000298b0000,0x00000000299b0000)]
  0x000000001bbe9000 JavaThread "jar transforms Thread 192" [_thread_blocked, id=13204, stack(0x00000000297b0000,0x00000000298b0000)]
  0x000000001bbdd000 JavaThread "jar transforms Thread 191" [_thread_blocked, id=3588, stack(0x00000000296b0000,0x00000000297b0000)]
  0x000000001bbe3800 JavaThread "jar transforms Thread 190" [_thread_blocked, id=3148, stack(0x00000000295b0000,0x00000000296b0000)]
  0x000000001bbdf000 JavaThread "jar transforms Thread 189" [_thread_blocked, id=13772, stack(0x00000000294b0000,0x00000000295b0000)]
  0x000000001bbe3000 JavaThread "jar transforms Thread 188" [_thread_blocked, id=9964, stack(0x00000000293b0000,0x00000000294b0000)]
  0x000000001bbdd800 JavaThread "jar transforms Thread 187" [_thread_blocked, id=10256, stack(0x00000000292b0000,0x00000000293b0000)]
  0x000000001bbe0000 JavaThread "jar transforms Thread 186" [_thread_blocked, id=1300, stack(0x00000000291b0000,0x00000000292b0000)]
  0x000000001bbe1800 JavaThread "jar transforms Thread 185" [_thread_blocked, id=2248, stack(0x00000000290b0000,0x00000000291b0000)]
  0x000000001bbdc000 JavaThread "jar transforms Thread 184" [_thread_blocked, id=1888, stack(0x0000000028fb0000,0x00000000290b0000)]
  0x000000001bbe2000 JavaThread "jar transforms Thread 183" [_thread_blocked, id=11192, stack(0x0000000028eb0000,0x0000000028fb0000)]
  0x000000001bbdb000 JavaThread "jar transforms Thread 182" [_thread_blocked, id=10872, stack(0x0000000028db0000,0x0000000028eb0000)]
  0x000000001bbe0800 JavaThread "jar transforms Thread 181" [_thread_blocked, id=4608, stack(0x0000000028cb0000,0x0000000028db0000)]
  0x000000001bbde800 JavaThread "jar transforms Thread 180" [_thread_blocked, id=1920, stack(0x0000000028bb0000,0x0000000028cb0000)]
  0x000000002109a000 JavaThread "jar transforms Thread 179" [_thread_blocked, id=11492, stack(0x0000000028ab0000,0x0000000028bb0000)]
  0x0000000021099800 JavaThread "jar transforms Thread 178" [_thread_blocked, id=7068, stack(0x00000000289b0000,0x0000000028ab0000)]
  0x0000000021098800 JavaThread "jar transforms Thread 177" [_thread_blocked, id=13488, stack(0x00000000288b0000,0x00000000289b0000)]
  0x0000000021098000 JavaThread "jar transforms Thread 176" [_thread_blocked, id=13948, stack(0x00000000287b0000,0x00000000288b0000)]
  0x0000000021097000 JavaThread "jar transforms Thread 175" [_thread_blocked, id=13932, stack(0x00000000286b0000,0x00000000287b0000)]
  0x0000000021096800 JavaThread "jar transforms Thread 174" [_thread_blocked, id=13716, stack(0x00000000285b0000,0x00000000286b0000)]
  0x0000000021095000 JavaThread "jar transforms Thread 173" [_thread_blocked, id=3572, stack(0x00000000284b0000,0x00000000285b0000)]
  0x000000002109b000 JavaThread "jar transforms Thread 172" [_thread_blocked, id=13972, stack(0x00000000283b0000,0x00000000284b0000)]
  0x0000000021095800 JavaThread "jar transforms Thread 171" [_thread_blocked, id=9912, stack(0x00000000282b0000,0x00000000283b0000)]
  0x000000002108d800 JavaThread "jar transforms Thread 170" [_thread_blocked, id=6772, stack(0x00000000281b0000,0x00000000282b0000)]
  0x0000000021090800 JavaThread "jar transforms Thread 169" [_thread_blocked, id=13980, stack(0x00000000280b0000,0x00000000281b0000)]
  0x0000000021094000 JavaThread "jar transforms Thread 168" [_thread_blocked, id=6092, stack(0x0000000027fb0000,0x00000000280b0000)]
  0x000000002108c800 JavaThread "jar transforms Thread 167" [_thread_blocked, id=7592, stack(0x0000000027eb0000,0x0000000027fb0000)]
  0x0000000021093800 JavaThread "jar transforms Thread 166" [_thread_blocked, id=12508, stack(0x0000000027db0000,0x0000000027eb0000)]
  0x000000002108c000 JavaThread "jar transforms Thread 165" [_thread_blocked, id=11188, stack(0x0000000027cb0000,0x0000000027db0000)]
  0x000000002108f000 JavaThread "jar transforms Thread 164" [_thread_blocked, id=11900, stack(0x0000000027bb0000,0x0000000027cb0000)]
  0x000000002108e000 JavaThread "jar transforms Thread 163" [_thread_blocked, id=4664, stack(0x0000000027ab0000,0x0000000027bb0000)]
  0x0000000021092800 JavaThread "jar transforms Thread 162" [_thread_blocked, id=10020, stack(0x00000000279b0000,0x0000000027ab0000)]
  0x000000002108f800 JavaThread "jar transforms Thread 161" [_thread_blocked, id=14284, stack(0x00000000278b0000,0x00000000279b0000)]
  0x0000000021092000 JavaThread "jar transforms Thread 160" [_thread_blocked, id=9316, stack(0x00000000277b0000,0x00000000278b0000)]
  0x0000000021091000 JavaThread "jar transforms Thread 159" [_thread_blocked, id=12388, stack(0x00000000276b0000,0x00000000277b0000)]
  0x000000001f124000 JavaThread "jar transforms Thread 158" [_thread_blocked, id=8884, stack(0x00000000275b0000,0x00000000276b0000)]
  0x000000001f128000 JavaThread "jar transforms Thread 157" [_thread_blocked, id=13100, stack(0x00000000274b0000,0x00000000275b0000)]
  0x000000001f123800 JavaThread "jar transforms Thread 156" [_thread_blocked, id=2416, stack(0x00000000273b0000,0x00000000274b0000)]
  0x000000001f125000 JavaThread "jar transforms Thread 155" [_thread_blocked, id=8476, stack(0x00000000272b0000,0x00000000273b0000)]
  0x000000001b86d000 JavaThread "jar transforms Thread 154" [_thread_blocked, id=10332, stack(0x00000000271b0000,0x00000000272b0000)]
  0x000000001b86c000 JavaThread "jar transforms Thread 153" [_thread_blocked, id=5364, stack(0x00000000270b0000,0x00000000271b0000)]
  0x000000001b86b800 JavaThread "jar transforms Thread 152" [_thread_blocked, id=11644, stack(0x0000000026fb0000,0x00000000270b0000)]
  0x000000001b86a800 JavaThread "jar transforms Thread 151" [_thread_blocked, id=9720, stack(0x0000000026eb0000,0x0000000026fb0000)]
  0x000000001b86d800 JavaThread "jar transforms Thread 150" [_thread_blocked, id=12396, stack(0x0000000026db0000,0x0000000026eb0000)]
  0x000000001b86a000 JavaThread "jar transforms Thread 149" [_thread_blocked, id=6012, stack(0x0000000026cb0000,0x0000000026db0000)]
  0x000000001b869000 JavaThread "jar transforms Thread 148" [_thread_blocked, id=12052, stack(0x0000000026bb0000,0x0000000026cb0000)]
  0x000000001b870000 JavaThread "jar transforms Thread 147" [_thread_blocked, id=10624, stack(0x0000000026ab0000,0x0000000026bb0000)]
  0x000000001a20c000 JavaThread "jar transforms Thread 146" [_thread_blocked, id=12352, stack(0x00000000269b0000,0x0000000026ab0000)]
  0x000000001a20b800 JavaThread "jar transforms Thread 145" [_thread_blocked, id=8668, stack(0x00000000268b0000,0x00000000269b0000)]
  0x000000001a20d800 JavaThread "jar transforms Thread 144" [_thread_blocked, id=12952, stack(0x00000000267b0000,0x00000000268b0000)]
  0x000000001a20d000 JavaThread "jar transforms Thread 143" [_thread_blocked, id=7968, stack(0x00000000266b0000,0x00000000267b0000)]
  0x000000001a20a000 JavaThread "jar transforms Thread 142" [_thread_blocked, id=552, stack(0x00000000265b0000,0x00000000266b0000)]
  0x000000001a209000 JavaThread "jar transforms Thread 141" [_thread_blocked, id=9948, stack(0x00000000264b0000,0x00000000265b0000)]
  0x000000001a20a800 JavaThread "jar transforms Thread 140" [_thread_blocked, id=8468, stack(0x00000000263b0000,0x00000000264b0000)]
  0x000000001a201800 JavaThread "jar transforms Thread 139" [_thread_blocked, id=4996, stack(0x00000000262b0000,0x00000000263b0000)]
  0x000000001a208800 JavaThread "jar transforms Thread 138" [_thread_blocked, id=8176, stack(0x00000000261b0000,0x00000000262b0000)]
  0x000000001a207800 JavaThread "jar transforms Thread 137" [_thread_blocked, id=8404, stack(0x00000000260b0000,0x00000000261b0000)]
  0x000000001a200000 JavaThread "jar transforms Thread 136" [_thread_blocked, id=10160, stack(0x0000000025fb0000,0x00000000260b0000)]
  0x000000001a207000 JavaThread "jar transforms Thread 135" [_thread_blocked, id=8824, stack(0x0000000025eb0000,0x0000000025fb0000)]
  0x000000001a206000 JavaThread "jar transforms Thread 134" [_thread_blocked, id=1728, stack(0x0000000025db0000,0x0000000025eb0000)]
  0x000000001a1ff000 JavaThread "jar transforms Thread 133" [_thread_blocked, id=12808, stack(0x0000000025cb0000,0x0000000025db0000)]
  0x000000001a204000 JavaThread "jar transforms Thread 132" [_thread_blocked, id=12560, stack(0x0000000025bb0000,0x0000000025cb0000)]
  0x000000001a205800 JavaThread "jar transforms Thread 131" [_thread_blocked, id=3324, stack(0x00000000257f0000,0x00000000258f0000)]
  0x000000001a204800 JavaThread "jar transforms Thread 130" [_thread_blocked, id=10760, stack(0x00000000256f0000,0x00000000257f0000)]
  0x0000000020c09000 JavaThread "jar transforms Thread 129" [_thread_blocked, id=9800, stack(0x00000000255f0000,0x00000000256f0000)]
  0x0000000020c06000 JavaThread "jar transforms Thread 128" [_thread_blocked, id=3048, stack(0x00000000254f0000,0x00000000255f0000)]
  0x0000000020c0a000 JavaThread "jar transforms Thread 127" [_thread_blocked, id=4172, stack(0x00000000253f0000,0x00000000254f0000)]
  0x0000000020c04800 JavaThread "jar transforms Thread 126" [_thread_blocked, id=4388, stack(0x00000000252f0000,0x00000000253f0000)]
  0x0000000020c04000 JavaThread "jar transforms Thread 125" [_thread_blocked, id=10788, stack(0x00000000251f0000,0x00000000252f0000)]
  0x0000000020c07000 JavaThread "jar transforms Thread 124" [_thread_blocked, id=7412, stack(0x00000000250f0000,0x00000000251f0000)]
  0x0000000020c07800 JavaThread "jar transforms Thread 123" [_thread_blocked, id=6328, stack(0x0000000024ff0000,0x00000000250f0000)]
  0x0000000020c08800 JavaThread "jar transforms Thread 122" [_thread_blocked, id=12776, stack(0x0000000024ef0000,0x0000000024ff0000)]
  0x0000000020c03000 JavaThread "jar transforms Thread 121" [_thread_blocked, id=7196, stack(0x0000000024df0000,0x0000000024ef0000)]
  0x0000000020c05800 JavaThread "jar transforms Thread 120" [_thread_blocked, id=9760, stack(0x0000000024cf0000,0x0000000024df0000)]
  0x0000000020bfb000 JavaThread "jar transforms Thread 119" [_thread_blocked, id=2804, stack(0x0000000024bf0000,0x0000000024cf0000)]
  0x0000000020c00000 JavaThread "jar transforms Thread 118" [_thread_blocked, id=8844, stack(0x00000000248b0000,0x00000000249b0000)]
  0x0000000020bff800 JavaThread "jar transforms Thread 117" [_thread_blocked, id=11712, stack(0x00000000247b0000,0x00000000248b0000)]
  0x0000000020bfe800 JavaThread "jar transforms Thread 116" [_thread_blocked, id=12120, stack(0x00000000246b0000,0x00000000247b0000)]
  0x0000000020bfb800 JavaThread "jar transforms Thread 115" [_thread_blocked, id=12356, stack(0x00000000245b0000,0x00000000246b0000)]
  0x0000000020bfe000 JavaThread "jar transforms Thread 114" [_thread_blocked, id=7664, stack(0x00000000243b0000,0x00000000244b0000)]
  0x0000000020c01800 JavaThread "jar transforms Thread 113" [_thread_blocked, id=11680, stack(0x00000000242b0000,0x00000000243b0000)]
  0x0000000020c01000 JavaThread "jar transforms Thread 112" [_thread_blocked, id=11336, stack(0x00000000241b0000,0x00000000242b0000)]
  0x000000001f120000 JavaThread "jar transforms Thread 111" [_thread_blocked, id=11692, stack(0x00000000240b0000,0x00000000241b0000)]
  0x000000001f121000 JavaThread "jar transforms Thread 110" [_thread_blocked, id=6616, stack(0x0000000023fb0000,0x00000000240b0000)]
  0x000000001f11f800 JavaThread "jar transforms Thread 109" [_thread_blocked, id=11924, stack(0x0000000023eb0000,0x0000000023fb0000)]
  0x000000001f121800 JavaThread "jar transforms Thread 108" [_thread_blocked, id=4344, stack(0x0000000023db0000,0x0000000023eb0000)]
  0x000000001f117000 JavaThread "jar transforms Thread 107" [_thread_blocked, id=4968, stack(0x0000000023cb0000,0x0000000023db0000)]
  0x000000001a201000 JavaThread "Cache worker for Java compile cache (C:\Users\tung0\.gradle\caches\6.5\javaCompile)" [_thread_blocked, id=11848, stack(0x0000000001310000,0x0000000001410000)]
  0x0000000020bfc800 JavaThread "Memory manager" [_thread_blocked, id=5452, stack(0x000000002afb0000,0x000000002b0b0000)]
  0x000000001f12a000 JavaThread "Cache worker for file content cache (C:\Users\tung0\.gradle\caches\6.5\fileContent)" [_thread_blocked, id=7704, stack(0x00000000225e0000,0x00000000226e0000)]
  0x000000001f128800 JavaThread "Cache worker for execution history cache (C:\Users\tung0\.gradle\caches\6.5\executionHistory)" [_thread_blocked, id=8060, stack(0x00000000220e0000,0x00000000221e0000)]
  0x000000001b86f000 JavaThread "Cache worker for file hash cache (C:\Users\tung0\.gradle\caches\6.5\fileHashes)" [_thread_blocked, id=13764, stack(0x000000001dcf0000,0x000000001ddf0000)]
  0x000000001b86e800 JavaThread "File lock request listener" [_thread_in_native, id=9496, stack(0x000000001dbf0000,0x000000001dcf0000)]
  0x000000001b897000 JavaThread "Cache worker for journal cache (C:\Users\tung0\.gradle\caches\journal-1)" [_thread_blocked, id=9092, stack(0x000000001daf0000,0x000000001dbf0000)]
  0x0000000019f95800 JavaThread "Daemon worker" [_thread_blocked, id=10304, stack(0x000000001d4f0000,0x000000001d5f0000)]
  0x000000001b76d000 JavaThread "Daemon" [_thread_blocked, id=11904, stack(0x000000001cff0000,0x000000001d0f0000)]
  0x000000001b76a800 JavaThread "Daemon periodic checks" [_thread_blocked, id=13988, stack(0x000000001cef0000,0x000000001cff0000)]
  0x000000001b40c800 JavaThread "Incoming local TCP Connector on port 57248" [_thread_in_native, id=6028, stack(0x000000001ccb0000,0x000000001cdb0000)]
  0x000000001b674800 JavaThread "Daemon health stats" [_thread_blocked, id=14148, stack(0x000000001c670000,0x000000001c770000)]
  0x00000000196fa000 JavaThread "Service Thread" daemon [_thread_blocked, id=1128, stack(0x0000000019ad0000,0x0000000019bd0000)]
  0x0000000017dac000 JavaThread "C1 CompilerThread2" daemon [_thread_blocked, id=9596, stack(0x00000000195d0000,0x00000000196d0000)]
=>0x0000000017d6a000 JavaThread "C2 CompilerThread1" daemon [_thread_in_native, id=1312, stack(0x00000000194d0000,0x00000000195d0000)]
  0x0000000017d62000 JavaThread "C2 CompilerThread0" daemon [_thread_blocked, id=11376, stack(0x00000000193d0000,0x00000000194d0000)]
  0x0000000017d66000 JavaThread "Attach Listener" daemon [_thread_blocked, id=11940, stack(0x00000000192d0000,0x00000000193d0000)]
  0x0000000017d64800 JavaThread "Signal Dispatcher" daemon [_thread_blocked, id=14088, stack(0x00000000191d0000,0x00000000192d0000)]
  0x000000000313c000 JavaThread "Finalizer" daemon [_thread_blocked, id=11368, stack(0x0000000018fd0000,0x00000000190d0000)]
  0x0000000017d49800 JavaThread "Reference Handler" daemon [_thread_blocked, id=12544, stack(0x0000000018ed0000,0x0000000018fd0000)]
  0x000000000303d800 JavaThread "main" [_thread_blocked, id=6936, stack(0x0000000002f20000,0x0000000003020000)]

Other Threads:
  0x0000000017d26000 VMThread [stack: 0x0000000018dd0000,0x0000000018ed0000] [id=2436]
  0x00000000196fb000 WatcherThread [stack: 0x0000000019bd0000,0x0000000019cd0000] [id=11352]

VM state:not at safepoint (normal execution)

VM Mutex/Monitor currently owned by a thread: None

heap address: 0x0000000080000000, size: 2048 MB, Compressed Oops mode: 32-bit
Narrow klass base: 0x0000000000000000, Narrow klass shift: 3
Compressed class space size: 1073741824 Address: 0x0000000100000000

Heap:
 PSYoungGen      total 626688K, used 180750K [0x00000000d5580000, 0x00000000fe480000, 0x0000000100000000)
  eden space 598016K, 25% used [0x00000000d5580000,0x00000000decfabf8,0x00000000f9d80000)
  from space 28672K, 89% used [0x00000000fc880000,0x00000000fe188f20,0x00000000fe480000)
  to   space 36352K, 0% used [0x00000000f9d80000,0x00000000f9d80000,0x00000000fc100000)
 ParOldGen       total 162304K, used 59726K [0x0000000080000000, 0x0000000089e80000, 0x00000000d5580000)
  object space 162304K, 36% used [0x0000000080000000,0x0000000083a538e0,0x0000000089e80000)
 Metaspace       used 117429K, capacity 122347K, committed 122648K, reserved 1157120K
  class space    used 14858K, capacity 15820K, committed 15912K, reserved 1048576K

Card table byte_map: [0x0000000012500000,0x0000000012910000] byte_map_base: 0x0000000012100000

Marking Bits: (ParMarkBitMap*) 0x00000000548af030
 Begin Bits: [0x0000000012fc0000, 0x0000000014fc0000)
 End Bits:   [0x0000000014fc0000, 0x0000000016fc0000)

Polling page: 0x0000000002e50000

CodeCache: size=245760Kb used=59075Kb max_used=59087Kb free=186684Kb
 bounds [0x0000000003140000, 0x0000000006b40000, 0x0000000012140000]
 total_blobs=18286 nmethods=17341 adapters=855
 compilation: enabled

Compilation events (10 events):
Event: 130.292 Thread 0x0000000017d62000 nmethod 21387 0x0000000006b33ed0 code [0x0000000006b34180, 0x0000000006b35ac8]
Event: 130.292 Thread 0x0000000017d62000 21388       4       org.gradle.internal.snapshot.CompositeFileSystemSnapshot::accept (38 bytes)
Event: 130.300 Thread 0x0000000017d62000 nmethod 21388 0x0000000006af1450 code [0x0000000006af15c0, 0x0000000006af1838]
Event: 130.305 Thread 0x0000000017d62000 21389       4       java.io.ObjectOutputStream$BlockDataOutputStream::setBlockDataMode (35 bytes)
Event: 130.309 Thread 0x0000000017d62000 nmethod 21389 0x0000000006af0e90 code [0x0000000006af0fe0, 0x0000000006af11c8]
Event: 130.309 Thread 0x0000000017d62000 21390   !   4       org.gradle.internal.remote.internal.inet.SocketConnection::flush (46 bytes)
Event: 130.316 Thread 0x0000000017dac000 21392       3       com.google.common.collect.Synchronized$SynchronizedObject::<init> (26 bytes)
Event: 130.317 Thread 0x0000000017dac000 nmethod 21392 0x0000000006b1fc50 code [0x0000000006b1fde0, 0x0000000006b20168]
Event: 130.325 Thread 0x0000000017d62000 nmethod 21390 0x0000000006b1ef50 code [0x0000000006b1f0e0, 0x0000000006b1f548]
Event: 130.325 Thread 0x0000000017d62000 21391       4       com.google.common.collect.ImmutableMultimap$1::next (5 bytes)

GC Heap History (10 events):
Event: 54.772 GC heap before
{Heap before GC invocations=24 (full 3):
 PSYoungGen      total 481792K, used 480145K [0x00000000d5580000, 0x00000000f4e80000, 0x0000000100000000)
  eden space 465920K, 100% used [0x00000000d5580000,0x00000000f1c80000,0x00000000f1c80000)
  from space 15872K, 89% used [0x00000000f3f00000,0x00000000f4ce45f0,0x00000000f4e80000)
  to   space 25600K, 0% used [0x00000000f1c80000,0x00000000f1c80000,0x00000000f3580000)
 ParOldGen       total 104960K, used 39242K [0x0000000080000000, 0x0000000086680000, 0x00000000d5580000)
  object space 104960K, 37% used [0x0000000080000000,0x0000000082652b68,0x0000000086680000)
 Metaspace       used 89840K, capacity 94699K, committed 94872K, reserved 1130496K
  class space    used 11917K, capacity 12841K, committed 12968K, reserved 1048576K
Event: 54.822 GC heap after
Heap after GC invocations=24 (full 3):
 PSYoungGen      total 491520K, used 25579K [0x00000000d5580000, 0x00000000f9c00000, 0x0000000100000000)
  eden space 465920K, 0% used [0x00000000d5580000,0x00000000d5580000,0x00000000f1c80000)
  from space 25600K, 99% used [0x00000000f1c80000,0x00000000f357ae50,0x00000000f3580000)
  to   space 31744K, 0% used [0x00000000f7d00000,0x00000000f7d00000,0x00000000f9c00000)
 ParOldGen       total 104960K, used 45922K [0x0000000080000000, 0x0000000086680000, 0x00000000d5580000)
  object space 104960K, 43% used [0x0000000080000000,0x0000000082cd89b0,0x0000000086680000)
 Metaspace       used 89840K, capacity 94699K, committed 94872K, reserved 1130496K
  class space    used 11917K, capacity 12841K, committed 12968K, reserved 1048576K
}
Event: 57.287 GC heap before
{Heap before GC invocations=25 (full 3):
 PSYoungGen      total 491520K, used 123982K [0x00000000d5580000, 0x00000000f9c00000, 0x0000000100000000)
  eden space 465920K, 21% used [0x00000000d5580000,0x00000000db598d48,0x00000000f1c80000)
  from space 25600K, 99% used [0x00000000f1c80000,0x00000000f357ae50,0x00000000f3580000)
  to   space 31744K, 0% used [0x00000000f7d00000,0x00000000f7d00000,0x00000000f9c00000)
 ParOldGen       total 104960K, used 45922K [0x0000000080000000, 0x0000000086680000, 0x00000000d5580000)
  object space 104960K, 43% used [0x0000000080000000,0x0000000082cd89b0,0x0000000086680000)
 Metaspace       used 93305K, capacity 98441K, committed 98584K, reserved 1134592K
  class space    used 12284K, capacity 13264K, committed 13352K, reserved 1048576K
Event: 57.312 GC heap after
Heap after GC invocations=25 (full 3):
 PSYoungGen      total 551424K, used 15879K [0x00000000d5580000, 0x00000000f9480000, 0x0000000100000000)
  eden space 527360K, 0% used [0x00000000d5580000,0x00000000d5580000,0x00000000f5880000)
  from space 24064K, 65% used [0x00000000f7d00000,0x00000000f8c81cc0,0x00000000f9480000)
  to   space 30720K, 0% used [0x00000000f5880000,0x00000000f5880000,0x00000000f7680000)
 ParOldGen       total 104960K, used 55406K [0x0000000080000000, 0x0000000086680000, 0x00000000d5580000)
  object space 104960K, 52% used [0x0000000080000000,0x000000008361b8b8,0x0000000086680000)
 Metaspace       used 93305K, capacity 98441K, committed 98584K, reserved 1134592K
  class space    used 12284K, capacity 13264K, committed 13352K, reserved 1048576K
}
Event: 57.328 GC heap before
{Heap before GC invocations=26 (full 4):
 PSYoungGen      total 551424K, used 15879K [0x00000000d5580000, 0x00000000f9480000, 0x0000000100000000)
  eden space 527360K, 0% used [0x00000000d5580000,0x00000000d5580000,0x00000000f5880000)
  from space 24064K, 65% used [0x00000000f7d00000,0x00000000f8c81cc0,0x00000000f9480000)
  to   space 30720K, 0% used [0x00000000f5880000,0x00000000f5880000,0x00000000f7680000)
 ParOldGen       total 104960K, used 55406K [0x0000000080000000, 0x0000000086680000, 0x00000000d5580000)
  object space 104960K, 52% used [0x0000000080000000,0x000000008361b8b8,0x0000000086680000)
 Metaspace       used 93305K, capacity 98441K, committed 98584K, reserved 1134592K
  class space    used 12284K, capacity 13264K, committed 13352K, reserved 1048576K
Event: 57.646 GC heap after
Heap after GC invocations=26 (full 4):
 PSYoungGen      total 551424K, used 0K [0x00000000d5580000, 0x00000000f9480000, 0x0000000100000000)
  eden space 527360K, 0% used [0x00000000d5580000,0x00000000d5580000,0x00000000f5880000)
  from space 24064K, 0% used [0x00000000f7d00000,0x00000000f7d00000,0x00000000f9480000)
  to   space 30720K, 0% used [0x00000000f5880000,0x00000000f5880000,0x00000000f7680000)
 ParOldGen       total 162304K, used 59702K [0x0000000080000000, 0x0000000089e80000, 0x00000000d5580000)
  object space 162304K, 36% used [0x0000000080000000,0x0000000083a4d8e0,0x0000000089e80000)
 Metaspace       used 92914K, capacity 97387K, committed 98584K, reserved 1134592K
  class space    used 12153K, capacity 13031K, committed 13352K, reserved 1048576K
}
Event: 64.333 GC heap before
{Heap before GC invocations=27 (full 4):
 PSYoungGen      total 551424K, used 527360K [0x00000000d5580000, 0x00000000f9480000, 0x0000000100000000)
  eden space 527360K, 100% used [0x00000000d5580000,0x00000000f5880000,0x00000000f5880000)
  from space 24064K, 0% used [0x00000000f7d00000,0x00000000f7d00000,0x00000000f9480000)
  to   space 30720K, 0% used [0x00000000f5880000,0x00000000f5880000,0x00000000f7680000)
 ParOldGen       total 162304K, used 59702K [0x0000000080000000, 0x0000000089e80000, 0x00000000d5580000)
  object space 162304K, 36% used [0x0000000080000000,0x0000000083a4d8e0,0x0000000089e80000)
 Metaspace       used 106907K, capacity 111425K, committed 112408K, reserved 1146880K
  class space    used 13771K, capacity 14615K, committed 14888K, reserved 1048576K
Event: 64.459 GC heap after
Heap after GC invocations=27 (full 4):
 PSYoungGen      total 558080K, used 28984K [0x00000000d5580000, 0x00000000fea00000, 0x0000000100000000)
  eden space 527360K, 0% used [0x00000000d5580000,0x00000000d5580000,0x00000000f5880000)
  from space 30720K, 94% used [0x00000000f5880000,0x00000000f74ce0f8,0x00000000f7680000)
  to   space 34304K, 0% used [0x00000000fc880000,0x00000000fc880000,0x00000000fea00000)
 ParOldGen       total 162304K, used 59718K [0x0000000080000000, 0x0000000089e80000, 0x00000000d5580000)
  object space 162304K, 36% used [0x0000000080000000,0x0000000083a518e0,0x0000000089e80000)
 Metaspace       used 106907K, capacity 111425K, committed 112408K, reserved 1146880K
  class space    used 13771K, capacity 14615K, committed 14888K, reserved 1048576K
}
Event: 126.411 GC heap before
{Heap before GC invocations=28 (full 4):
 PSYoungGen      total 558080K, used 556344K [0x00000000d5580000, 0x00000000fea00000, 0x0000000100000000)
  eden space 527360K, 100% used [0x00000000d5580000,0x00000000f5880000,0x00000000f5880000)
  from space 30720K, 94% used [0x00000000f5880000,0x00000000f74ce0f8,0x00000000f7680000)
  to   space 34304K, 0% used [0x00000000fc880000,0x00000000fc880000,0x00000000fea00000)
 ParOldGen       total 162304K, used 59718K [0x0000000080000000, 0x0000000089e80000, 0x00000000d5580000)
  object space 162304K, 36% used [0x0000000080000000,0x0000000083a518e0,0x0000000089e80000)
 Metaspace       used 117303K, capacity 122261K, committed 122648K, reserved 1157120K
  class space    used 14856K, capacity 15817K, committed 15912K, reserved 1048576K
Event: 126.724 GC heap after
Heap after GC invocations=28 (full 4):
 PSYoungGen      total 626688K, used 25635K [0x00000000d5580000, 0x00000000fe480000, 0x0000000100000000)
  eden space 598016K, 0% used [0x00000000d5580000,0x00000000d5580000,0x00000000f9d80000)
  from space 28672K, 89% used [0x00000000fc880000,0x00000000fe188f20,0x00000000fe480000)
  to   space 36352K, 0% used [0x00000000f9d80000,0x00000000f9d80000,0x00000000fc100000)
 ParOldGen       total 162304K, used 59726K [0x0000000080000000, 0x0000000089e80000, 0x00000000d5580000)
  object space 162304K, 36% used [0x0000000080000000,0x0000000083a538e0,0x0000000089e80000)
 Metaspace       used 117303K, capacity 122261K, committed 122648K, reserved 1157120K
  class space    used 14856K, capacity 15817K, committed 15912K, reserved 1048576K
}

Deoptimization events (10 events):
Event: 125.911 Thread 0x000000001f11d000 Uncommon trap: reason=unstable_if action=reinterpret pc=0x000000000693c404 method=java.nio.file.FileTreeWalker.getAttributes(Ljava/nio/file/Path;Z)Ljava/nio/file/attribute/BasicFileAttributes; @ 35
Event: 126.226 Thread 0x0000000030478000 Uncommon trap: reason=speculate_class_check action=maybe_recompile pc=0x0000000004e6081c method=sun.nio.ch.IOUtil.writeFromNativeBuffer(Ljava/io/FileDescriptor;Ljava/nio/ByteBuffer;JLsun/nio/ch/NativeDispatcher;)I @ 73
Event: 126.349 Thread 0x0000000019f95800 Uncommon trap: reason=null_check action=make_not_entrant pc=0x00000000058a5240 method=com.sun.org.apache.xerces.internal.dom.NamedNodeMapImpl.findNamePoint(Ljava/lang/String;Ljava/lang/String;)I @ 76
Event: 127.920 Thread 0x0000000019f95800 Uncommon trap: reason=unstable_if action=reinterpret pc=0x00000000053677dc method=com.sun.org.apache.xerces.internal.impl.XMLNSDocumentScannerImpl.scanAttribute(Lcom/sun/org/apache/xerces/internal/util/XMLAttributesImpl;)V @ 688
Event: 127.921 Thread 0x0000000019f95800 Uncommon trap: reason=unstable_if action=reinterpret pc=0x00000000053829d8 method=com.sun.org.apache.xerces.internal.impl.XMLNSDocumentScannerImpl.scanStartElement()Z @ 694
Event: 128.008 Thread 0x0000000019f95800 Uncommon trap: reason=class_check action=maybe_recompile pc=0x00000000069cc59c method=com.google.common.collect.TransformedIterator.hasNext()Z @ 4
Event: 128.008 Thread 0x0000000019f95800 Uncommon trap: reason=class_check action=maybe_recompile pc=0x00000000069cc59c method=com.google.common.collect.TransformedIterator.hasNext()Z @ 4
Event: 128.008 Thread 0x0000000019f95800 Uncommon trap: reason=class_check action=maybe_recompile pc=0x00000000069cc59c method=com.google.common.collect.TransformedIterator.hasNext()Z @ 4
Event: 128.008 Thread 0x0000000019f95800 Uncommon trap: reason=class_check action=maybe_recompile pc=0x00000000069cc59c method=com.google.common.collect.TransformedIterator.hasNext()Z @ 4
Event: 128.555 Thread 0x0000000019f95800 Uncommon trap: reason=speculate_class_check action=maybe_recompile pc=0x0000000004e6081c method=sun.nio.ch.IOUtil.writeFromNativeBuffer(Ljava/io/FileDescriptor;Ljava/nio/ByteBuffer;JLsun/nio/ch/NativeDispatcher;)I @ 73

Classes redefined (0 events):
No events

Internal exceptions (10 events):
Event: 125.720 Thread 0x000000001f11b800 Exception <a 'sun/nio/fs/WindowsException'> (0x00000000f43037f0) thrown at [C:\src\AOSP-openjdk-git\hotspot\src\share\vm\prims\jni.cpp, line 710]
Event: 125.931 Thread 0x0000000030474000 Exception <a 'sun/nio/fs/WindowsException'> (0x00000000f43a1ea0) thrown at [C:\src\AOSP-openjdk-git\hotspot\src\share\vm\prims\jni.cpp, line 710]
Event: 126.009 Thread 0x0000000030474000 Exception <a 'sun/nio/fs/WindowsException'> (0x00000000f43a2a78) thrown at [C:\src\AOSP-openjdk-git\hotspot\src\share\vm\prims\jni.cpp, line 710]
Event: 126.009 Thread 0x0000000030474000 Exception <a 'sun/nio/fs/WindowsException'> (0x00000000f43a4058) thrown at [C:\src\AOSP-openjdk-git\hotspot\src\share\vm\prims\jni.cpp, line 710]
Event: 126.029 Thread 0x0000000030474000 Exception <a 'sun/nio/fs/WindowsException'> (0x00000000f43a4c48) thrown at [C:\src\AOSP-openjdk-git\hotspot\src\share\vm\prims\jni.cpp, line 710]
Event: 126.068 Thread 0x0000000030474000 Exception <a 'sun/nio/fs/WindowsException'> (0x00000000f43a6c28) thrown at [C:\src\AOSP-openjdk-git\hotspot\src\share\vm\prims\jni.cpp, line 710]
Event: 126.349 Thread 0x0000000019f95800 Implicit null exception at 0x00000000058a4787 to 0x00000000058a521f
Event: 129.912 Thread 0x000000001f11c800 Exception <a 'sun/nio/fs/WindowsException'> (0x00000000de1e0ed8) thrown at [C:\src\AOSP-openjdk-git\hotspot\src\share\vm\prims\jni.cpp, line 710]
Event: 129.913 Thread 0x000000001f11c800 Exception <a 'sun/nio/fs/WindowsException'> (0x00000000de1e1f70) thrown at [C:\src\AOSP-openjdk-git\hotspot\src\share\vm\prims\jni.cpp, line 710]
Event: 130.156 Thread 0x0000000030475000 Exception <a 'sun/nio/fs/WindowsException'> (0x00000000de314938) thrown at [C:\src\AOSP-openjdk-git\hotspot\src\share\vm\prims\jni.cpp, line 710]

Events (10 events):
Event: 129.817 Executing VM operation: RevokeBias
Event: 129.818 Executing VM operation: RevokeBias done
Event: 129.851 Executing VM operation: RevokeBias
Event: 129.853 Executing VM operation: RevokeBias done
Event: 129.853 Executing VM operation: RevokeBias
Event: 129.854 Executing VM operation: RevokeBias done
Event: 129.932 Executing VM operation: RevokeBias
Event: 129.934 Executing VM operation: RevokeBias done
Event: 130.318 Executing VM operation: RevokeBias
Event: 130.320 Executing VM operation: RevokeBias done


Dynamic libraries:
0x00007ff76f4a0000 - 0x00007ff76f4d1000 	C:\Program Files\Android\Android Studio\jre\bin\java.exe
0x00007ff935530000 - 0x00007ff935726000 	C:\Windows\SYSTEM32\ntdll.dll
0x00007ff934360000 - 0x00007ff93441d000 	C:\Windows\System32\KERNEL32.DLL
0x00007ff932f20000 - 0x00007ff9331e9000 	C:\Windows\System32\KERNELBASE.dll
0x00007ff9300b0000 - 0x00007ff930140000 	C:\Windows\SYSTEM32\apphelp.dll
0x00007ff934570000 - 0x00007ff93461c000 	C:\Windows\System32\ADVAPI32.dll
0x00007ff9339e0000 - 0x00007ff933a7e000 	C:\Windows\System32\msvcrt.dll
0x00007ff9340a0000 - 0x00007ff93413c000 	C:\Windows\System32\sechost.dll
0x00007ff9338a0000 - 0x00007ff9339cb000 	C:\Windows\System32\RPCRT4.dll
0x00007ff934980000 - 0x00007ff934b20000 	C:\Windows\System32\USER32.dll
0x00007ff932dc0000 - 0x00007ff932de2000 	C:\Windows\System32\win32u.dll
0x00007ff933590000 - 0x00007ff9335ba000 	C:\Windows\System32\GDI32.dll
0x00007ff933220000 - 0x00007ff93332b000 	C:\Windows\System32\gdi32full.dll
0x00007ff933390000 - 0x00007ff93342d000 	C:\Windows\System32\msvcp_win.dll
0x00007ff932cc0000 - 0x00007ff932dc0000 	C:\Windows\System32\ucrtbase.dll
0x00007ff91a0d0000 - 0x00007ff91a36b000 	C:\Windows\WinSxS\amd64_microsoft.windows.common-controls_6595b64144ccf1df_6.0.19041.746_none_ca02b4b61b8320a4\COMCTL32.dll
0x00007ff934420000 - 0x00007ff934450000 	C:\Windows\System32\IMM32.DLL
0x0000000053f20000 - 0x0000000053ff2000 	C:\Program Files\Android\Android Studio\jre\jre\bin\msvcr100.dll
0x00000000540e0000 - 0x000000005492b000 	C:\Program Files\Android\Android Studio\jre\jre\bin\server\jvm.dll
0x00007ff933bc0000 - 0x00007ff933bc8000 	C:\Windows\System32\PSAPI.DLL
0x00007ff913910000 - 0x00007ff913937000 	C:\Windows\SYSTEM32\WINMM.dll
0x00007ff92b820000 - 0x00007ff92b82a000 	C:\Windows\SYSTEM32\VERSION.dll
0x00007ff92d680000 - 0x00007ff92d689000 	C:\Windows\SYSTEM32\WSOCK32.dll
0x00007ff934270000 - 0x00007ff9342db000 	C:\Windows\System32\WS2_32.dll
0x00007ff931500000 - 0x00007ff93150f000 	C:\Program Files\Android\Android Studio\jre\jre\bin\verify.dll
0x00007ff926580000 - 0x00007ff9265a9000 	C:\Program Files\Android\Android Studio\jre\jre\bin\java.dll
0x00007ff926560000 - 0x00007ff926576000 	C:\Program Files\Android\Android Studio\jre\jre\bin\zip.dll
0x00007ff934c00000 - 0x00007ff935342000 	C:\Windows\System32\SHELL32.dll
0x00007ff930d60000 - 0x00007ff9314f0000 	C:\Windows\SYSTEM32\windows.storage.dll
0x00007ff934620000 - 0x00007ff934976000 	C:\Windows\System32\combase.dll
0x00007ff9326d0000 - 0x00007ff9326fc000 	C:\Windows\SYSTEM32\Wldp.dll
0x00007ff933a80000 - 0x00007ff933b2e000 	C:\Windows\System32\SHCORE.dll
0x00007ff9353e0000 - 0x00007ff935435000 	C:\Windows\System32\shlwapi.dll
0x00007ff932ba0000 - 0x00007ff932bc6000 	C:\Windows\SYSTEM32\profapi.dll
0x00007ff926430000 - 0x00007ff92644a000 	C:\Program Files\Android\Android Studio\jre\jre\bin\net.dll
0x00007ff932450000 - 0x00007ff9324ba000 	C:\Windows\system32\mswsock.dll
0x00007ff926410000 - 0x00007ff926423000 	C:\Program Files\Android\Android Studio\jre\jre\bin\nio.dll
0x00007ff9112a0000 - 0x00007ff9112c7000 	C:\Users\tung0\.gradle\native\f6784746aeab05261644944871eae4fe03e0ef1612fff0a4a95f87b438bc6780\windows-amd64\native-platform.dll
0x00007ff9307e0000 - 0x00007ff9307ed000 	C:\Program Files\Android\Android Studio\jre\jre\bin\management.dll
0x00007ff932620000 - 0x00007ff932638000 	C:\Windows\SYSTEM32\CRYPTSP.dll
0x00007ff931d80000 - 0x00007ff931db4000 	C:\Windows\system32\rsaenh.dll
0x00007ff9331f0000 - 0x00007ff933217000 	C:\Windows\System32\bcrypt.dll
0x00007ff932b60000 - 0x00007ff932b8e000 	C:\Windows\SYSTEM32\USERENV.dll
0x00007ff932ea0000 - 0x00007ff932f20000 	C:\Windows\System32\bcryptprimitives.dll
0x00007ff932640000 - 0x00007ff93264c000 	C:\Windows\SYSTEM32\CRYPTBASE.dll
0x00007ff9320f0000 - 0x00007ff93212b000 	C:\Windows\SYSTEM32\IPHLPAPI.DLL
0x00007ff9339d0000 - 0x00007ff9339d8000 	C:\Windows\System32\NSI.dll
0x00007ff92a580000 - 0x00007ff92a597000 	C:\Windows\SYSTEM32\dhcpcsvc6.DLL
0x00007ff92b5b0000 - 0x00007ff92b5cd000 	C:\Windows\SYSTEM32\dhcpcsvc.DLL
0x00007ff932140000 - 0x00007ff93220b000 	C:\Windows\SYSTEM32\DNSAPI.dll
0x00007ff92b5f0000 - 0x00007ff92b5fb000 	C:\Windows\SYSTEM32\WINNSI.DLL
0x00007ff919420000 - 0x00007ff919444000 	C:\Program Files\Android\Android Studio\jre\jre\bin\sunec.dll
0x00007ff92cfe0000 - 0x00007ff92cfeb000 	C:\Program Files\Android\Android Studio\jre\jre\bin\sunmscapi.dll
0x00007ff933430000 - 0x00007ff933586000 	C:\Windows\System32\CRYPT32.dll
0x00007ff929130000 - 0x00007ff92913a000 	C:\Windows\System32\rasadhlp.dll
0x00007ff929ab0000 - 0x00007ff929b2f000 	C:\Windows\System32\fwpuclnt.dll
0x00007ff9319b0000 - 0x00007ff9319e3000 	C:\Windows\SYSTEM32\ntmarta.dll
0x0000000066e00000 - 0x0000000066f03000 	C:\Users\tung0\AppData\Local\Temp\sqlite-3.25.2-07c761c0-22bc-480d-872f-7147a7553b1c-sqlitejdbc.dll

VM Arguments:
jvm_args: -Xmx2048m -Dfile.encoding=UTF-8 -Duser.country=US -Duser.language=en -Duser.variant 
java_command: org.gradle.launcher.daemon.bootstrap.GradleDaemon 6.5
java_class_path (initial): C:\Users\tung0\.gradle\wrapper\dists\gradle-6.5-all\2oz4ud9k3tuxjg84bbf55q0tn\gradle-6.5\lib\gradle-launcher-6.5.jar
Launcher Type: SUN_STANDARD

Environment Variables:
PATH=C:\Windows\system32;C:\Windows;C:\Windows\System32\Wbem;C:\Windows\System32\WindowsPowerShell\v1.0\;C:\Windows\System32\OpenSSH\;C:\Program Files\Git\cmd;C:\Program Files\MySQL\MySQL Shell 8.0\bin\;C:\Users\tung0\AppData\Local\Microsoft\WindowsApps;
USERNAME=tung0
OS=Windows_NT
PROCESSOR_IDENTIFIER=Intel64 Family 6 Model 126 Stepping 5, GenuineIntel



---------------  S Y S T E M  ---------------

OS: Windows 10.0 , 64 bit Build 19041 (10.0.19041.789)

CPU:total 4 (initial active 4) (2 cores per cpu, 2 threads per core) family 6 model 126 stepping 5, cmov, cx8, fxsr, mmx, sse, sse2, sse3, ssse3, sse4.1, sse4.2, popcnt, avx, avx2, aes, clmul, erms, 3dnowpref, lzcnt, ht, tsc, tscinvbit, bmi1, bmi2, adx

Memory: 4k page, physical 8186476k(308808k free), swap 15188776k(5896k free)

vm_info: OpenJDK 64-Bit Server VM (25.242-b01) for windows-amd64 JRE (1.8.0_242-release-1644-b01), built by "builder" with MS VC++ 10.0 (VS2010)

time: Sun Feb 14 22:48:17 2021
timezone: SE Asia Standard Time
elapsed time: 130 seconds (0d 0h 2m 10s)

